     1                                  global _start
     2                                  
     3                                  section .data
     4 00000000 66696C6548656C6C6F-     	fileName db "fileHello.txt", 0
     4 00000009 2E74787400         
     5                                  	
     6 0000000E 48656C6C6F2C20576F-     	msg db "Hello, World!"
     6 00000017 726C6421           
     7                                  	len_msg equ $ - msg
     8                                  		
     9 0000001B 4572726F72              	err_str db "Error"		
    10                                  	err_len equ $ - err_str 
    11                                  	
    12                                  section .text
    13                                  _start:
    14 00000000 B802000000              	mov rax, 2
    15 00000005 48BF-                   	mov rdi, fileName
    15 00000007 [0000000000000000] 
    16 0000000F BE01000000              	mov rsi, 1h
    17 00000014 BAB6010000              	mov rdx, 0666q			;admin
    18 00000019 0F05                    	syscall
    19                                  	
    20 0000001B 4883F800                	cmp rax, 0
    21 0000001F 7C31                    	jl _error
    22                                  	
    23 00000021 4889C3                  	mov rbx, rax			 
    24 00000024 B801000000              	mov rax, 1			
    25 00000029 4889DF                  	mov rdi, rbx			
    26 0000002C 48BE-                   	mov rsi, msg		
    26 0000002E [0E00000000000000] 
    27 00000036 BA0D000000              	mov rdx, len_msg 		
    28 0000003B 0F05                    	syscall		
    29                                  	
    30 0000003D 4839D0                  	cmp rax, rdx				
    31 00000040 7510                    	jnz _error
    32                                  	
    33 00000042 B803000000              	mov rax, 3
    34 00000047 4889DF                  	mov rdi, rbx
    35 0000004A 0F05                    	syscall
    36                                  	
    37 0000004C 4883F800                	cmp rax, 0				
    38 00000050 741B                    	jz _exit
    39                                  
    40                                  _error:					
    41 00000052 B801000000              	mov rax, 1			
    42 00000057 BF01000000              	mov rdi, 1			
    43 0000005C 48BE-                   	mov rsi, err_str		
    43 0000005E [1B00000000000000] 
    44 00000066 BA05000000              	mov rdx, err_len		
    45 0000006B 0F05                    	syscall		
    46                                  
    47                                  _exit:					
    48 0000006D B83C000000              	mov rax, 60			
    49 00000072 BF00000000              	mov rdi, 0			
    50 00000077 0F05                    	syscall				
    51                                  	
